File tmp/http_mt.cma
  Force custom: no
  Extra C object files:
  Extra C options: -I/usr/lib/ocaml/3.08.3/netstring -I/usr/lib/ocaml/3.08.3/pcre
  Unit name: Http_constants
  Interfaces imported:
	45f466ce46f213dae41be77dd8505f5f	Buffer
	71f888453b0f26895819460a72f07493	Pervasives
	1aa78eb234c3fc3bc0f416b291573a6f	Http_types
	1876ce678cfa5a1961fac21850f71efd	Unix
	c05573de1d16c626829a86a9114178a3	Http_constants
  Uses unsafe features: no
  Unit name: Http_types
  Interfaces imported:
	45f466ce46f213dae41be77dd8505f5f	Buffer
	71f888453b0f26895819460a72f07493	Pervasives
	1aa78eb234c3fc3bc0f416b291573a6f	Http_types
	1876ce678cfa5a1961fac21850f71efd	Unix
  Uses unsafe features: no
  Unit name: Http_parser_sanity
  Interfaces imported:
	be82cfc078031e7e98378d3e89d18aec	Printf
	45f466ce46f213dae41be77dd8505f5f	Buffer
	2f32d87da163d280dc00661dca5ba351	Pcre
	71f888453b0f26895819460a72f07493	Pervasives
	1aa78eb234c3fc3bc0f416b291573a6f	Http_types
	1876ce678cfa5a1961fac21850f71efd	Unix
	9b93712a344b3b9849a73ce19d8c72ce	Http_parser_sanity
	c05573de1d16c626829a86a9114178a3	Http_constants
	d2109515bc23cdb3fdf5138eb0753ef1	Neturl
	21f21a0fe1dc667be7e854f573c182b7	Hashtbl
  Uses unsafe features: no
  Unit name: Http_misc
  Interfaces imported:
	1a18647ed18cd2752c5d8b422aef8fc7	Netbuffer
	4153115c366a8fde539da120f5e0b928	Lexing
	a904b798dd9665c2d3635636d293403c	Array
	be82cfc078031e7e98378d3e89d18aec	Printf
	45f466ce46f213dae41be77dd8505f5f	Buffer
	d2bc46d76835aafc05c738e5c8f8d36f	Netchannels
	2f32d87da163d280dc00661dca5ba351	Pcre
	71f888453b0f26895819460a72f07493	Pervasives
	1aa78eb234c3fc3bc0f416b291573a6f	Http_types
	fec8292bb1a02d2c7b8b4ba7b83a7d8b	String
	1876ce678cfa5a1961fac21850f71efd	Unix
	fe56d403fb8e5d3f355cd87c60345c17	Netdate
	5a0e3217fc356bd18f60bff31861dfd3	List
	7fdc51ac4d1ae62200a5f17a6447fe04	Http_misc
  Uses unsafe features: no
  Unit name: Http_common
  Interfaces imported:
	be82cfc078031e7e98378d3e89d18aec	Printf
	45f466ce46f213dae41be77dd8505f5f	Buffer
	71f888453b0f26895819460a72f07493	Pervasives
	1aa78eb234c3fc3bc0f416b291573a6f	Http_types
	1876ce678cfa5a1961fac21850f71efd	Unix
	c05573de1d16c626829a86a9114178a3	Http_constants
	aeb4d75d3f09d12fbce675d38c459007	Http_common
  Uses unsafe features: no
  Unit name: Http_threaded_tcp_server
  Interfaces imported:
	71f888453b0f26895819460a72f07493	Pervasives
	35ef57fc877713cafe0056af23e72f71	Http_threaded_tcp_server
	1876ce678cfa5a1961fac21850f71efd	Unix
	05c29ad9b353d94564b9f8f4672a3c66	Thread
  Uses unsafe features: no
  Unit name: Http_tcp_server
  Interfaces imported:
	45f466ce46f213dae41be77dd8505f5f	Buffer
	71f888453b0f26895819460a72f07493	Pervasives
	35ef57fc877713cafe0056af23e72f71	Http_threaded_tcp_server
	1aa78eb234c3fc3bc0f416b291573a6f	Http_types
	1876ce678cfa5a1961fac21850f71efd	Unix
	8cce770a42b7d0e4d85569c15d7841d6	Sys
	e5acc406e34cd0fed3383020b7adddc3	Http_tcp_server
  Uses unsafe features: no
  Unit name: Http_parser
  Interfaces imported:
	1a18647ed18cd2752c5d8b422aef8fc7	Netbuffer
	4153115c366a8fde539da120f5e0b928	Lexing
	a904b798dd9665c2d3635636d293403c	Array
	be82cfc078031e7e98378d3e89d18aec	Printf
	45f466ce46f213dae41be77dd8505f5f	Buffer
	2f32d87da163d280dc00661dca5ba351	Pcre
	d2bc46d76835aafc05c738e5c8f8d36f	Netchannels
	e4fb6d88bd013e8c6b7d5cdf5da2818d	Http_parser
	71f888453b0f26895819460a72f07493	Pervasives
	1aa78eb234c3fc3bc0f416b291573a6f	Http_types
	fec8292bb1a02d2c7b8b4ba7b83a7d8b	String
	1876ce678cfa5a1961fac21850f71efd	Unix
	5a0e3217fc356bd18f60bff31861dfd3	List
	9b93712a344b3b9849a73ce19d8c72ce	Http_parser_sanity
	3e948b0e41d832c5b47173bc09ac8150	Netencoding
	c05573de1d16c626829a86a9114178a3	Http_constants
	2228f51249f46513c6197a189eda178f	Netconversion
	d2109515bc23cdb3fdf5138eb0753ef1	Neturl
	aeb4d75d3f09d12fbce675d38c459007	Http_common
	21f21a0fe1dc667be7e854f573c182b7	Hashtbl
  Uses unsafe features: no
  Unit name: Http_message
  Interfaces imported:
	be82cfc078031e7e98378d3e89d18aec	Printf
	45f466ce46f213dae41be77dd8505f5f	Buffer
	71f888453b0f26895819460a72f07493	Pervasives
	1aa78eb234c3fc3bc0f416b291573a6f	Http_types
	fec8292bb1a02d2c7b8b4ba7b83a7d8b	String
	1876ce678cfa5a1961fac21850f71efd	Unix
	9b93712a344b3b9849a73ce19d8c72ce	Http_parser_sanity
	5a0e3217fc356bd18f60bff31861dfd3	List
	86c5eaed52521c5606cb4de8885cb266	Http_message
	c05573de1d16c626829a86a9114178a3	Http_constants
	f8ae506a7cb4411e963d4472e99129ab	CamlinternalOO
	d2109515bc23cdb3fdf5138eb0753ef1	Neturl
	747ef8c0279596e8e3ead3d8049103ed	Obj
	aeb4d75d3f09d12fbce675d38c459007	Http_common
	7fdc51ac4d1ae62200a5f17a6447fe04	Http_misc
	21f21a0fe1dc667be7e854f573c182b7	Hashtbl
  Uses unsafe features: no
  Unit name: Http_request
  Interfaces imported:
	1a18647ed18cd2752c5d8b422aef8fc7	Netbuffer
	4153115c366a8fde539da120f5e0b928	Lexing
	be82cfc078031e7e98378d3e89d18aec	Printf
	45f466ce46f213dae41be77dd8505f5f	Buffer
	2f32d87da163d280dc00661dca5ba351	Pcre
	e4fb6d88bd013e8c6b7d5cdf5da2818d	Http_parser
	d2bc46d76835aafc05c738e5c8f8d36f	Netchannels
	a3a8d51dd2bd69e7352f8f339875f0a5	Http_request
	71f888453b0f26895819460a72f07493	Pervasives
	1aa78eb234c3fc3bc0f416b291573a6f	Http_types
	fec8292bb1a02d2c7b8b4ba7b83a7d8b	String
	1876ce678cfa5a1961fac21850f71efd	Unix
	5a0e3217fc356bd18f60bff31861dfd3	List
	86c5eaed52521c5606cb4de8885cb266	Http_message
	3e948b0e41d832c5b47173bc09ac8150	Netencoding
	2228f51249f46513c6197a189eda178f	Netconversion
	f8ae506a7cb4411e963d4472e99129ab	CamlinternalOO
	d2109515bc23cdb3fdf5138eb0753ef1	Neturl
	747ef8c0279596e8e3ead3d8049103ed	Obj
	aeb4d75d3f09d12fbce675d38c459007	Http_common
	7fdc51ac4d1ae62200a5f17a6447fe04	Http_misc
	21f21a0fe1dc667be7e854f573c182b7	Hashtbl
  Uses unsafe features: no
  Unit name: Http_daemon
  Interfaces imported:
	be82cfc078031e7e98378d3e89d18aec	Printf
	45f466ce46f213dae41be77dd8505f5f	Buffer
	e4fb6d88bd013e8c6b7d5cdf5da2818d	Http_parser
	a3a8d51dd2bd69e7352f8f339875f0a5	Http_request
	2f32d87da163d280dc00661dca5ba351	Pcre
	71f888453b0f26895819460a72f07493	Pervasives
	1aa78eb234c3fc3bc0f416b291573a6f	Http_types
	fec8292bb1a02d2c7b8b4ba7b83a7d8b	String
	1876ce678cfa5a1961fac21850f71efd	Unix
	5207ef38468f5d823fc8b4d165f910b0	Http_daemon
	9b93712a344b3b9849a73ce19d8c72ce	Http_parser_sanity
	5a0e3217fc356bd18f60bff31861dfd3	List
	8cce770a42b7d0e4d85569c15d7841d6	Sys
	e5acc406e34cd0fed3383020b7adddc3	Http_tcp_server
	c05573de1d16c626829a86a9114178a3	Http_constants
	0adcd5a01603ded6c591dc6133498d65	Gc
	f8ae506a7cb4411e963d4472e99129ab	CamlinternalOO
	d2109515bc23cdb3fdf5138eb0753ef1	Neturl
	a5bb944075f8bf57d7a53a727ebad18c	Printexc
	747ef8c0279596e8e3ead3d8049103ed	Obj
	aeb4d75d3f09d12fbce675d38c459007	Http_common
	7fdc51ac4d1ae62200a5f17a6447fe04	Http_misc
	21f21a0fe1dc667be7e854f573c182b7	Hashtbl
  Uses unsafe features: no
  Unit name: Http_response
  Interfaces imported:
	a904b798dd9665c2d3635636d293403c	Array
	be82cfc078031e7e98378d3e89d18aec	Printf
	45f466ce46f213dae41be77dd8505f5f	Buffer
	2f32d87da163d280dc00661dca5ba351	Pcre
	19439a1c72f7e75bc192c83f3940aa50	Http_response
	71f888453b0f26895819460a72f07493	Pervasives
	1aa78eb234c3fc3bc0f416b291573a6f	Http_types
	fec8292bb1a02d2c7b8b4ba7b83a7d8b	String
	1876ce678cfa5a1961fac21850f71efd	Unix
	5207ef38468f5d823fc8b4d165f910b0	Http_daemon
	86c5eaed52521c5606cb4de8885cb266	Http_message
	c05573de1d16c626829a86a9114178a3	Http_constants
	f8ae506a7cb4411e963d4472e99129ab	CamlinternalOO
	747ef8c0279596e8e3ead3d8049103ed	Obj
	aeb4d75d3f09d12fbce675d38c459007	Http_common
	7fdc51ac4d1ae62200a5f17a6447fe04	Http_misc
  Uses unsafe features: no
  Unit name: Http_user_agent
  Interfaces imported:
	a904b798dd9665c2d3635636d293403c	Array
	be82cfc078031e7e98378d3e89d18aec	Printf
	45f466ce46f213dae41be77dd8505f5f	Buffer
	2f32d87da163d280dc00661dca5ba351	Pcre
	e4fb6d88bd013e8c6b7d5cdf5da2818d	Http_parser
	71f888453b0f26895819460a72f07493	Pervasives
	1aa78eb234c3fc3bc0f416b291573a6f	Http_types
	fec8292bb1a02d2c7b8b4ba7b83a7d8b	String
	6511422bf82e8975861e4959a09d7874	Http_user_agent
	1876ce678cfa5a1961fac21850f71efd	Unix
	d2109515bc23cdb3fdf5138eb0753ef1	Neturl
	a5bb944075f8bf57d7a53a727ebad18c	Printexc
	aeb4d75d3f09d12fbce675d38c459007	Http_common
	7fdc51ac4d1ae62200a5f17a6447fe04	Http_misc
	21f21a0fe1dc667be7e854f573c182b7	Hashtbl
  Uses unsafe features: no
